🚀 监控子代理启动
   任务数: 97
   批次ID: dee3c81a
   自我保护超时: 240分钟
   进度推送间隔: 10%
  推送进度: 0%
  推送进度: 10%
  推送进度: 20%
  推送进度: 30%
  推送进度: 40%
  推送进度: 50%
  推送进度: 60%
  推送进度: 70%
  推送进度: 80%
  推送进度: 90%
  推送进度: 100%

✅ 所有任务完成
  推送完成报告
👋 监控子代理退出
🚀 监控子代理启动
   任务数: 1
   批次ID: 41793280
   自我保护超时: 240分钟
   进度推送间隔: 10%
  推送进度: 0%
  推送进度: 100%

✅ 所有任务完成
  推送完成报告
👋 监控子代理退出
🚀 监控子代理启动
   任务数: 5
   批次ID: 577a1723
   自我保护超时: 240分钟
   进度推送间隔: 10%
  推送进度: 0%
⚠️ 消息服务异常，准备重启...
  🔄 消息服务已重启 (PID: 32305, 第1次)

✅ 所有任务完成
  推送完成报告
👋 监控子代理退出
🚀 监控子代理启动
   任务数: 5
   批次ID: 5dc28b05
   自我保护超时: 240分钟
   进度推送间隔: 10%
  推送进度: 0%

✅ 所有任务完成
  推送完成报告
👋 监控子代理退出
🚀 监控子代理启动
   任务数: 5
   批次ID: f9d4b75d
   自我保护超时: 240分钟
   进度推送间隔: 10%
  推送进度: 0%
  推送进度: 100%

✅ 所有任务完成
  推送完成报告
👋 监控子代理退出
🚀 监控子代理启动
   任务数: 10
   批次ID: 08deeb7c
   自我保护超时: 240分钟
   进度推送间隔: 10%
  推送进度: 0%
⚠️ 消息服务异常，准备重启...
  🔄 消息服务已重启 (PID: 34350, 第1次)

✅ 所有任务完成
  推送完成报告
👋 监控子代理退出
🚀 监控子代理启动
   任务数: 10
   批次ID: 98e4dc69
   自我保护超时: 240分钟
   进度推送间隔: 10%
  推送进度: 0%
⚠️ 消息服务异常，准备重启...
  🔄 消息服务已重启 (PID: 34767, 第1次)
  推送进度: 10%
  推送进度: 20%
  推送进度: 30%
  推送进度: 50%
  推送进度: 60%
  推送进度: 70%
  推送进度: 80%
  推送进度: 90%
  推送进度: 100%

✅ 所有任务完成
  推送完成报告
👋 监控子代理退出
🚀 监控子代理启动
   任务数: 22
   批次ID: 370cee7d
   自我保护超时: 240分钟
   进度推送间隔: 10%
  推送进度: 0%
  推送进度: 100%

✅ 所有任务完成
  推送完成报告
👋 监控子代理退出
🚀 监控子代理启动
   任务数: 22
   批次ID: 73a7b891
   自我保护超时: 240分钟
   进度推送间隔: 10%
  推送进度: 0%

✅ 所有任务完成
  推送完成报告
👋 监控子代理退出
🚀 监控子代理启动
   任务数: 22
   批次ID: b6ccb10a
   自我保护超时: 240分钟
   进度推送间隔: 10%
  推送进度: 0%
⚠️ 消息服务异常，准备重启...
  🔄 消息服务已重启 (PID: 39531, 第1次)

✅ 所有任务完成
  ⚠️ 读取详细统计失败: no such table: sessions
  推送完成报告
👋 监控子代理退出
🚀 监控子代理启动
   任务数: 22
   批次ID: 8b7c2626
   自我保护超时: 240分钟
   进度推送间隔: 10%
  推送进度: 0%

✅ 所有任务完成
  推送完成报告
👋 监控子代理退出
🚀 监控子代理启动
   任务数: 22
   批次ID: 769367e1
   自我保护超时: 240分钟
   进度推送间隔: 10%
  推送进度: 0%
⚠️ 消息服务异常，准备重启...
  🔄 消息服务已重启 (PID: 40943, 第1次)

✅ 所有任务完成
  推送完成报告
👋 监控子代理退出
🚀 监控子代理启动
   任务数: 2
   批次ID: 10d39613
   自我保护超时: 240分钟
   进度推送间隔: 10%
  推送进度: 0%
  推送进度: 100%

✅ 所有任务完成
  推送完成报告
👋 监控子代理退出
🚀 监控子代理启动
   任务数: 22
   批次ID: 2f24eabc
   自我保护超时: 240分钟
   进度推送间隔: 10%
  推送进度: 0%
⚠️ 消息服务异常，准备重启...
  🔄 消息服务已重启 (PID: 42659, 第1次)
⚠️ 消息服务异常，准备重启...
  🔄 消息服务已重启 (PID: 42941, 第2次)
⚠️ 消息服务异常，准备重启...
  🔄 消息服务已重启 (PID: 43203, 第3次)
⚠️ 消息服务异常，准备重启...
  🔄 消息服务已重启 (PID: 43420, 第4次)
⚠️ 消息服务异常，准备重启...
  🔄 消息服务已重启 (PID: 43676, 第5次)
⚠️ 消息服务异常，准备重启...
  🔄 消息服务已重启 (PID: 43885, 第6次)
⚠️ 消息服务异常，准备重启...
  🔄 消息服务已重启 (PID: 44102, 第7次)
⚠️ 消息服务异常，准备重启...
  🔄 消息服务已重启 (PID: 44383, 第8次)
⚠️ 消息服务异常，准备重启...
  🔄 消息服务已重启 (PID: 44705, 第9次)
⚠️ 消息服务异常，准备重启...
  🔄 消息服务已重启 (PID: 44938, 第10次)
  推送进度: 50%
  推送进度: 70%
  推送进度: 100%

✅ 所有任务完成
  推送完成报告
👋 监控子代理退出
🚀 监控子代理启动
   任务数: 22
   批次ID: 111dadb4
   自我保护超时: 240分钟
   进度推送间隔: 10%
  推送进度: 0%
  推送进度: 100%

✅ 所有任务完成
  推送完成报告
👋 监控子代理退出
🚀 监控子代理启动
   任务数: 22
   批次ID: fbf2ae24
   自我保护超时: 240分钟
   进度推送间隔: 10%
  推送进度: 0%
  推送进度: 100%

✅ 所有任务完成
  推送完成报告
👋 监控子代理退出
🚀 监控子代理启动
   任务数: 22
   批次ID: b80a6d2a
   自我保护超时: 240分钟
   进度推送间隔: 10%
  推送进度: 0%

✅ 所有任务完成
  推送完成报告
👋 监控子代理退出
🚀 监控子代理启动
   任务数: 50
   批次ID: 747f4d75
   自我保护超时: 240分钟
   进度推送间隔: 10%
  推送进度: 0%
  推送进度: 10%
  推送进度: 40%
  推送进度: 50%
  推送进度: 60%
  推送进度: 80%
  推送进度: 90%
  推送进度: 100%

✅ 所有任务完成
  推送完成报告
👋 监控子代理退出
🚀 监控子代理启动
   任务数: 98
   批次ID: 0c7148a7
   自我保护超时: 240分钟
   进度推送间隔: 10%
  推送进度: 0%
⚠️ 消息服务异常，准备重启...
  🔄 消息服务已重启 (PID: 54584, 第1次)
  推送进度: 10%
  推送进度: 30%
  推送进度: 60%
  推送进度: 70%
  推送进度: 80%
  推送进度: 90%
  推送进度: 100%

✅ 所有任务完成
  推送完成报告
👋 监控子代理退出
🚀 监控子代理启动
   任务数: 200
   批次ID: a18cae82
   自我保护超时: 240分钟
   进度推送间隔: 10%
  推送进度: 0%
  推送进度: 10%
  推送进度: 20%
  推送进度: 50%
  推送进度: 60%
  推送进度: 70%
  推送进度: 80%
  推送进度: 90%

⚠️ 收到信号 15，准备退出...
👋 监控子代理退出
🚀 监控子代理启动
   任务数: 398
   批次ID: 23c59fc4
   自我保护超时: 240分钟
   进度推送间隔: 10%
  推送进度: 0%
  推送进度: 10%
  推送进度: 20%
  推送进度: 30%
  推送进度: 40%
  推送进度: 50%
  推送进度: 60%
  推送进度: 70%
  推送进度: 80%
  推送进度: 90%
⚠️ 消息服务异常，准备重启...
  🔄 消息服务已重启 (PID: 61584, 第1次)

✅ 所有任务完成
  推送完成报告
👋 监控子代理退出
🚀 监控子代理启动
   任务数: 998
   批次ID: 43f930ce
   自我保护超时: 240分钟
   进度推送间隔: 10%
  推送进度: 0%
  推送进度: 10%
  推送进度: 20%
  推送进度: 30%
  推送进度: 40%
  推送进度: 50%
  推送进度: 60%
  推送进度: 70%
  推送进度: 80%
  推送进度: 90%
⚠️ 消息服务异常，准备重启...
  🔄 消息服务已重启 (PID: 63901, 第1次)
⚠️ 消息服务异常，准备重启...
  🔄 消息服务已重启 (PID: 64135, 第2次)
⚠️ 消息服务异常，准备重启...
  🔄 消息服务已重启 (PID: 64325, 第3次)
⚠️ 消息服务异常，准备重启...
  🔄 消息服务已重启 (PID: 64535, 第4次)

✅ 所有任务完成
  推送完成报告
👋 监控子代理退出
🚀 监控子代理启动
   任务数: 49
   批次ID: a6136b62
   自我保护超时: 240分钟
   进度推送间隔: 10%
  推送进度: 0%
  推送进度: 10%
  推送进度: 20%
  推送进度: 30%
  推送进度: 40%
  推送进度: 60%
  推送进度: 80%
  推送进度: 100%

✅ 所有任务完成
  推送完成报告
👋 监控子代理退出
