📝 PID文件已创建: /Users/jinlu/.openclaw/workspace/skills/cs-analyzer/logs/cs_analyzer_message_poller.pid (48935)
🚀 消息轮询服务启动 v2.3【消息级去重】
   监控 PID: 48934（仅用于记录，不影响服务生命周期）
   轮询间隔: 3秒
   去重窗口: 300秒
   必达关键词: ['完成', '100%', '质检报告', '分析完成']
   最大重试: 3次
  📤 发送 1 条消息
  📤 发送 1 条消息
  📤 发送 1 条消息
  📤 发送 1 条消息
  📤 发送 1 条消息
  📤 发送 1 条消息
  📤 发送 1 条消息
  📤 发送 1 条消息
  📤 发送 1 条消息
  📤 发送 1 条消息
  📤 发送 2 条消息

⏰ 30分钟无新消息，消息服务正常退出

⏳ 进入消息清理阶段...
📤 最后消息清理中...
  ✅ 消息文件已清空
👋 消息轮询服务退出（共发送 12 条消息）

🧹 清理PID文件...
⚠️ 已有消息轮询服务在运行 (PID: 31822)，本实例退出

🧹 清理PID文件...
📝 PID文件已创建: /Users/jinlu/.openclaw/workspace/skills/cs-analyzer/logs/cs_analyzer_message_poller.pid (32305)
🚀 消息轮询服务启动 v2.3【消息级去重】
   监控 PID: 32289（仅用于记录，不影响服务生命周期）
   轮询间隔: 3秒
   去重窗口: 300秒
   必达关键词: ['完成', '100%', '质检报告', '分析完成']
   最大重试: 3次
  📤 发送 1 条消息

⏰ 30分钟无新消息，消息服务正常退出

⏳ 进入消息清理阶段...
📤 最后消息清理中...
  ✅ 消息文件已清空
👋 消息轮询服务退出（共发送 1 条消息）

🧹 清理PID文件...
📝 PID文件已创建: /Users/jinlu/.openclaw/workspace/skills/cs-analyzer/logs/cs_analyzer_message_poller.pid (31822)
🚀 消息轮询服务启动 v2.3【消息级去重】
   监控 PID: 31821（仅用于记录，不影响服务生命周期）
   轮询间隔: 3秒
   去重窗口: 300秒
   必达关键词: ['完成', '100%', '质检报告', '分析完成']
   最大重试: 3次
  📤 发送 1 条消息
  📤 发送 2 条消息
  📤 发送 1 条消息
  📤 发送 1 条消息

⏰ 30分钟无新消息，消息服务正常退出

⏳ 进入消息清理阶段...
📤 最后消息清理中...
  ✅ 消息文件已清空
👋 消息轮询服务退出（共发送 5 条消息）

🧹 清理PID文件...
📝 PID文件已创建: /Users/jinlu/.openclaw/workspace/skills/cs-analyzer/logs/cs_analyzer_message_poller.pid (33263)
🚀 消息轮询服务启动 v2.3【消息级去重】
   监控 PID: 33262（仅用于记录，不影响服务生命周期）
   轮询间隔: 3秒
   去重窗口: 300秒
   必达关键词: ['完成', '100%', '质检报告', '分析完成']
   最大重试: 3次
  📤 发送 1 条消息
  📤 发送 1 条消息

⏰ 30分钟无新消息，消息服务正常退出

⏳ 进入消息清理阶段...
📤 最后消息清理中...
  ✅ 消息文件已清空
👋 消息轮询服务退出（共发送 2 条消息）

🧹 清理PID文件...
⚠️ 已有消息轮询服务在运行 (PID: 34027)，本实例退出

🧹 清理PID文件...
⚠️ 已有消息轮询服务在运行 (PID: 34350)，本实例退出

🧹 清理PID文件...
📝 PID文件已创建: /Users/jinlu/.openclaw/workspace/skills/cs-analyzer/logs/cs_analyzer_message_poller.pid (34767)
🚀 消息轮询服务启动 v2.3【消息级去重】
   监控 PID: 34685（仅用于记录，不影响服务生命周期）
   轮询间隔: 3秒
   去重窗口: 300秒
   必达关键词: ['完成', '100%', '质检报告', '分析完成']
   最大重试: 3次
  📤 发送 1 条消息
  📤 发送 1 条消息
  📤 发送 1 条消息
  📤 发送 1 条消息
  📤 发送 1 条消息
  📤 发送 1 条消息
  📤 发送 1 条消息
  📤 发送 1 条消息
  📤 发送 2 条消息

⏰ 30分钟无新消息，消息服务正常退出

⏳ 进入消息清理阶段...
📤 最后消息清理中...
  ✅ 消息文件已清空
👋 消息轮询服务退出（共发送 10 条消息）

🧹 清理PID文件...
📝 PID文件已创建: /Users/jinlu/.openclaw/workspace/skills/cs-analyzer/logs/cs_analyzer_message_poller.pid (34350)
🚀 消息轮询服务启动 v2.3【消息级去重】
   监控 PID: 34292（仅用于记录，不影响服务生命周期）
   轮询间隔: 3秒
   去重窗口: 300秒
   必达关键词: ['完成', '100%', '质检报告', '分析完成']
   最大重试: 3次
  📤 发送 1 条消息
  📤 发送 1 条消息
  📤 发送 1 条消息
  📤 发送 1 条消息
  📤 发送 1 条消息
  📤 发送 1 条消息
  📤 发送 1 条消息
  📤 发送 1 条消息
  📤 发送 1 条消息
  📤 发送 1 条消息
  📤 发送 2 条消息

⏰ 30分钟无新消息，消息服务正常退出

⏳ 进入消息清理阶段...
📤 最后消息清理中...
  ✅ 消息文件已清空
👋 消息轮询服务退出（共发送 12 条消息）

🧹 清理PID文件...
📝 PID文件已创建: /Users/jinlu/.openclaw/workspace/skills/cs-analyzer/logs/cs_analyzer_message_poller.pid (34027)
🚀 消息轮询服务启动 v2.3【消息级去重】
   监控 PID: 34026（仅用于记录，不影响服务生命周期）
   轮询间隔: 3秒
   去重窗口: 300秒
   必达关键词: ['完成', '100%', '质检报告', '分析完成']
   最大重试: 3次
  📤 发送 1 条消息
  📤 发送 2 条消息
  📤 发送 1 条消息
  📤 发送 1 条消息
  📤 发送 1 条消息
  📤 发送 1 条消息
  📤 发送 1 条消息
  📤 发送 1 条消息
  📤 发送 1 条消息
  📤 发送 1 条消息
  📤 发送 1 条消息
  📤 发送 1 条消息
  📤 发送 1 条消息
  📤 发送 2 条消息

⏰ 30分钟无新消息，消息服务正常退出

⏳ 进入消息清理阶段...
📤 最后消息清理中...
  ✅ 消息文件已清空
👋 消息轮询服务退出（共发送 16 条消息）

🧹 清理PID文件...
📝 PID文件已创建: /Users/jinlu/.openclaw/workspace/skills/cs-analyzer/logs/cs_analyzer_message_poller.pid (37905)
🚀 消息轮询服务启动 v2.3【消息级去重】
   监控 PID: 37904（仅用于记录，不影响服务生命周期）
   轮询间隔: 3秒
   去重窗口: 300秒
   必达关键词: ['完成', '100%', '质检报告', '分析完成']
   最大重试: 3次
  📤 发送 1 条消息
  📤 发送 2 条消息

⏰ 30分钟无新消息，消息服务正常退出

⏳ 进入消息清理阶段...
📤 最后消息清理中...
  ✅ 消息文件已清空
👋 消息轮询服务退出（共发送 3 条消息）

🧹 清理PID文件...
⚠️ 已有消息轮询服务在运行 (PID: 39013)，本实例退出

🧹 清理PID文件...
📝 PID文件已创建: /Users/jinlu/.openclaw/workspace/skills/cs-analyzer/logs/cs_analyzer_message_poller.pid (39531)
🚀 消息轮询服务启动 v2.3【消息级去重】
   监控 PID: 39509（仅用于记录，不影响服务生命周期）
   轮询间隔: 3秒
   去重窗口: 300秒
   必达关键词: ['完成', '100%', '质检报告', '分析完成']
   最大重试: 3次
  📤 发送 1 条消息

⏰ 30分钟无新消息，消息服务正常退出

⏳ 进入消息清理阶段...
📤 最后消息清理中...
  ✅ 消息文件已清空
👋 消息轮询服务退出（共发送 1 条消息）

🧹 清理PID文件...
📝 PID文件已创建: /Users/jinlu/.openclaw/workspace/skills/cs-analyzer/logs/cs_analyzer_message_poller.pid (39013)
🚀 消息轮询服务启动 v2.3【消息级去重】
   监控 PID: 39012（仅用于记录，不影响服务生命周期）
   轮询间隔: 3秒
   去重窗口: 300秒
   必达关键词: ['完成', '100%', '质检报告', '分析完成']
   最大重试: 3次
  📤 发送 1 条消息
  📤 发送 1 条消息
  📤 发送 1 条消息
  📤 发送 1 条消息

⏰ 30分钟无新消息，消息服务正常退出

⏳ 进入消息清理阶段...
📤 最后消息清理中...
  ✅ 消息文件已清空
👋 消息轮询服务退出（共发送 4 条消息）

🧹 清理PID文件...
⚠️ 已有消息轮询服务在运行 (PID: 40398)，本实例退出

🧹 清理PID文件...
📝 PID文件已创建: /Users/jinlu/.openclaw/workspace/skills/cs-analyzer/logs/cs_analyzer_message_poller.pid (40398)
🚀 消息轮询服务启动 v2.3【消息级去重】
   监控 PID: 40397（仅用于记录，不影响服务生命周期）
   轮询间隔: 3秒
   去重窗口: 300秒
   必达关键词: ['完成', '100%', '质检报告', '分析完成']
   最大重试: 3次
  📤 发送 1 条消息
  📤 发送 1 条消息
  📤 发送 1 条消息
  📤 发送 1 条消息

⏰ 30分钟无新消息，消息服务正常退出

⏳ 进入消息清理阶段...
📤 最后消息清理中...
  ✅ 消息文件已清空
👋 消息轮询服务退出（共发送 4 条消息）

🧹 清理PID文件...
📝 PID文件已创建: /Users/jinlu/.openclaw/workspace/skills/cs-analyzer/logs/cs_analyzer_message_poller.pid (40943)
🚀 消息轮询服务启动 v2.3【消息级去重】
   监控 PID: 40907（仅用于记录，不影响服务生命周期）
   轮询间隔: 3秒
   去重窗口: 300秒
   必达关键词: ['完成', '100%', '质检报告', '分析完成']
   最大重试: 3次
  📤 发送 1 条消息

⏰ 30分钟无新消息，消息服务正常退出

⏳ 进入消息清理阶段...
📤 最后消息清理中...
  ✅ 消息文件已清空
👋 消息轮询服务退出（共发送 1 条消息）

🧹 清理PID文件...
📝 PID文件已创建: /Users/jinlu/.openclaw/workspace/skills/cs-analyzer/logs/cs_analyzer_message_poller.pid (41762)
🚀 消息轮询服务启动 v2.3【消息级去重】
   监控 PID: 41761（仅用于记录，不影响服务生命周期）
   轮询间隔: 3秒
   去重窗口: 300秒
   必达关键词: ['完成', '100%', '质检报告', '分析完成']
   最大重试: 3次
  📤 发送 1 条消息
  📤 发送 2 条消息

⏰ 30分钟无新消息，消息服务正常退出

⏳ 进入消息清理阶段...
📤 最后消息清理中...
  ✅ 消息文件已清空
👋 消息轮询服务退出（共发送 3 条消息）

🧹 清理PID文件...
📝 PID文件已创建: /Users/jinlu/.openclaw/workspace/skills/cs-analyzer/logs/cs_analyzer_message_poller.pid (42237)
🚀 消息轮询服务启动 v2.3【消息级去重】
   监控 PID: 42236（仅用于记录，不影响服务生命周期）
   轮询间隔: 3秒
   去重窗口: 300秒
   必达关键词: ['完成', '100%', '质检报告', '分析完成']
   最大重试: 3次
  📤 发送 1 条消息

⏰ 30分钟无新消息，消息服务正常退出

⏳ 进入消息清理阶段...
📤 最后消息清理中...
  ✅ 消息文件已清空
👋 消息轮询服务退出（共发送 1 条消息）

🧹 清理PID文件...
📝 PID文件已创建: /Users/jinlu/.openclaw/workspace/skills/cs-analyzer/logs/cs_analyzer_message_poller.pid (42659)
🚀 消息轮询服务启动 v2.3【消息级去重】
   监控 PID: 42236（仅用于记录，不影响服务生命周期）
   轮询间隔: 3秒
   去重窗口: 300秒
   必达关键词: ['完成', '100%', '质检报告', '分析完成']
   最大重试: 3次

⏰ 30分钟无新消息，消息服务正常退出

⏳ 进入消息清理阶段...
📤 最后消息清理中...
  ✅ 消息文件已清空
👋 消息轮询服务退出（共发送 0 条消息）

🧹 清理PID文件...
📝 PID文件已创建: /Users/jinlu/.openclaw/workspace/skills/cs-analyzer/logs/cs_analyzer_message_poller.pid (42941)
🚀 消息轮询服务启动 v2.3【消息级去重】
   监控 PID: 42236（仅用于记录，不影响服务生命周期）
   轮询间隔: 3秒
   去重窗口: 300秒
   必达关键词: ['完成', '100%', '质检报告', '分析完成']
   最大重试: 3次

⏰ 30分钟无新消息，消息服务正常退出

⏳ 进入消息清理阶段...
📤 最后消息清理中...
  ✅ 消息文件已清空
👋 消息轮询服务退出（共发送 0 条消息）

🧹 清理PID文件...
📝 PID文件已创建: /Users/jinlu/.openclaw/workspace/skills/cs-analyzer/logs/cs_analyzer_message_poller.pid (43203)
🚀 消息轮询服务启动 v2.3【消息级去重】
   监控 PID: 42236（仅用于记录，不影响服务生命周期）
   轮询间隔: 3秒
   去重窗口: 300秒
   必达关键词: ['完成', '100%', '质检报告', '分析完成']
   最大重试: 3次

⏰ 30分钟无新消息，消息服务正常退出

⏳ 进入消息清理阶段...
📤 最后消息清理中...
  ✅ 消息文件已清空
👋 消息轮询服务退出（共发送 0 条消息）

🧹 清理PID文件...
📝 PID文件已创建: /Users/jinlu/.openclaw/workspace/skills/cs-analyzer/logs/cs_analyzer_message_poller.pid (43420)
🚀 消息轮询服务启动 v2.3【消息级去重】
   监控 PID: 42236（仅用于记录，不影响服务生命周期）
   轮询间隔: 3秒
   去重窗口: 300秒
   必达关键词: ['完成', '100%', '质检报告', '分析完成']
   最大重试: 3次

⏰ 30分钟无新消息，消息服务正常退出

⏳ 进入消息清理阶段...
📤 最后消息清理中...
  ✅ 消息文件已清空
👋 消息轮询服务退出（共发送 0 条消息）

🧹 清理PID文件...
📝 PID文件已创建: /Users/jinlu/.openclaw/workspace/skills/cs-analyzer/logs/cs_analyzer_message_poller.pid (43676)
🚀 消息轮询服务启动 v2.3【消息级去重】
   监控 PID: 42236（仅用于记录，不影响服务生命周期）
   轮询间隔: 3秒
   去重窗口: 300秒
   必达关键词: ['完成', '100%', '质检报告', '分析完成']
   最大重试: 3次

⏰ 30分钟无新消息，消息服务正常退出

⏳ 进入消息清理阶段...
📤 最后消息清理中...
  ✅ 消息文件已清空
👋 消息轮询服务退出（共发送 0 条消息）

🧹 清理PID文件...
📝 PID文件已创建: /Users/jinlu/.openclaw/workspace/skills/cs-analyzer/logs/cs_analyzer_message_poller.pid (43885)
🚀 消息轮询服务启动 v2.3【消息级去重】
   监控 PID: 42236（仅用于记录，不影响服务生命周期）
   轮询间隔: 3秒
   去重窗口: 300秒
   必达关键词: ['完成', '100%', '质检报告', '分析完成']
   最大重试: 3次

⏰ 30分钟无新消息，消息服务正常退出

⏳ 进入消息清理阶段...
📤 最后消息清理中...
  ✅ 消息文件已清空
👋 消息轮询服务退出（共发送 0 条消息）

🧹 清理PID文件...
📝 PID文件已创建: /Users/jinlu/.openclaw/workspace/skills/cs-analyzer/logs/cs_analyzer_message_poller.pid (44102)
🚀 消息轮询服务启动 v2.3【消息级去重】
   监控 PID: 42236（仅用于记录，不影响服务生命周期）
   轮询间隔: 3秒
   去重窗口: 300秒
   必达关键词: ['完成', '100%', '质检报告', '分析完成']
   最大重试: 3次

⏰ 30分钟无新消息，消息服务正常退出

⏳ 进入消息清理阶段...
📤 最后消息清理中...
  ✅ 消息文件已清空
👋 消息轮询服务退出（共发送 0 条消息）

🧹 清理PID文件...
📝 PID文件已创建: /Users/jinlu/.openclaw/workspace/skills/cs-analyzer/logs/cs_analyzer_message_poller.pid (44383)
🚀 消息轮询服务启动 v2.3【消息级去重】
   监控 PID: 42236（仅用于记录，不影响服务生命周期）
   轮询间隔: 3秒
   去重窗口: 300秒
   必达关键词: ['完成', '100%', '质检报告', '分析完成']
   最大重试: 3次

⏰ 30分钟无新消息，消息服务正常退出

⏳ 进入消息清理阶段...
📤 最后消息清理中...
  ✅ 消息文件已清空
👋 消息轮询服务退出（共发送 0 条消息）

🧹 清理PID文件...
📝 PID文件已创建: /Users/jinlu/.openclaw/workspace/skills/cs-analyzer/logs/cs_analyzer_message_poller.pid (44705)
🚀 消息轮询服务启动 v2.3【消息级去重】
   监控 PID: 42236（仅用于记录，不影响服务生命周期）
   轮询间隔: 3秒
   去重窗口: 300秒
   必达关键词: ['完成', '100%', '质检报告', '分析完成']
   最大重试: 3次

⏰ 30分钟无新消息，消息服务正常退出

⏳ 进入消息清理阶段...
📤 最后消息清理中...
  ✅ 消息文件已清空
👋 消息轮询服务退出（共发送 0 条消息）

🧹 清理PID文件...
📝 PID文件已创建: /Users/jinlu/.openclaw/workspace/skills/cs-analyzer/logs/cs_analyzer_message_poller.pid (44938)
🚀 消息轮询服务启动 v2.3【消息级去重】
   监控 PID: 42236（仅用于记录，不影响服务生命周期）
   轮询间隔: 3秒
   去重窗口: 300秒
   必达关键词: ['完成', '100%', '质检报告', '分析完成']
   最大重试: 3次
  📤 发送 1 条消息
  📤 发送 1 条消息
  📤 发送 2 条消息

⏰ 30分钟无新消息，消息服务正常退出

⏳ 进入消息清理阶段...
📤 最后消息清理中...
  ✅ 消息文件已清空
👋 消息轮询服务退出（共发送 4 条消息）

🧹 清理PID文件...
📝 PID文件已创建: /Users/jinlu/.openclaw/workspace/skills/cs-analyzer/logs/cs_analyzer_message_poller.pid (49020)
🚀 消息轮询服务启动 v2.3【消息级去重】
   监控 PID: 49019（仅用于记录，不影响服务生命周期）
   轮询间隔: 3秒
   去重窗口: 300秒
   必达关键词: ['完成', '100%', '质检报告', '分析完成']
   最大重试: 3次
  📤 发送 1 条消息
  📤 发送 2 条消息

⏰ 30分钟无新消息，消息服务正常退出

⏳ 进入消息清理阶段...
📤 最后消息清理中...
  ✅ 消息文件已清空
👋 消息轮询服务退出（共发送 3 条消息）

🧹 清理PID文件...
📝 PID文件已创建: /Users/jinlu/.openclaw/workspace/skills/cs-analyzer/logs/cs_analyzer_message_poller.pid (49703)
🚀 消息轮询服务启动 v2.3【消息级去重】
   监控 PID: 49702（仅用于记录，不影响服务生命周期）
   轮询间隔: 3秒
   去重窗口: 300秒
   必达关键词: ['完成', '100%', '质检报告', '分析完成']
   最大重试: 3次
  📤 发送 1 条消息
  📤 发送 2 条消息

⏰ 30分钟无新消息，消息服务正常退出

⏳ 进入消息清理阶段...
📤 最后消息清理中...
  ✅ 消息文件已清空
👋 消息轮询服务退出（共发送 3 条消息）

🧹 清理PID文件...
📝 PID文件已创建: /Users/jinlu/.openclaw/workspace/skills/cs-analyzer/logs/cs_analyzer_message_poller.pid (50749)
🚀 消息轮询服务启动 v2.3【消息级去重】
   监控 PID: 50748（仅用于记录，不影响服务生命周期）
   轮询间隔: 3秒
   去重窗口: 300秒
   必达关键词: ['完成', '100%', '质检报告', '分析完成']
   最大重试: 3次
  📤 发送 1 条消息
  📤 发送 1 条消息

⏰ 30分钟无新消息，消息服务正常退出

⏳ 进入消息清理阶段...
📤 最后消息清理中...
  ✅ 消息文件已清空
👋 消息轮询服务退出（共发送 2 条消息）

🧹 清理PID文件...
⚠️ 已有消息轮询服务在运行 (PID: 54118)，本实例退出

🧹 清理PID文件...
📝 PID文件已创建: /Users/jinlu/.openclaw/workspace/skills/cs-analyzer/logs/cs_analyzer_message_poller.pid (54584)
🚀 消息轮询服务启动 v2.3【消息级去重】
   监控 PID: 54567（仅用于记录，不影响服务生命周期）
   轮询间隔: 3秒
   去重窗口: 300秒
   必达关键词: ['完成', '100%', '质检报告', '分析完成']
   最大重试: 3次
  📤 发送 1 条消息
  📤 发送 1 条消息
  📤 发送 1 条消息
  📤 发送 1 条消息
  📤 发送 1 条消息
  📤 发送 1 条消息
  📤 发送 2 条消息

⏰ 30分钟无新消息，消息服务正常退出

⏳ 进入消息清理阶段...
📤 最后消息清理中...
  ✅ 消息文件已清空
👋 消息轮询服务退出（共发送 8 条消息）

🧹 清理PID文件...
📝 PID文件已创建: /Users/jinlu/.openclaw/workspace/skills/cs-analyzer/logs/cs_analyzer_message_poller.pid (54118)
🚀 消息轮询服务启动 v2.3【消息级去重】
   监控 PID: 54117（仅用于记录，不影响服务生命周期）
   轮询间隔: 3秒
   去重窗口: 300秒
   必达关键词: ['完成', '100%', '质检报告', '分析完成']
   最大重试: 3次
  📤 发送 1 条消息
  📤 发送 1 条消息
  📤 发送 1 条消息
  📤 发送 1 条消息
  📤 发送 1 条消息
  📤 发送 1 条消息
  📤 发送 1 条消息
  📤 发送 2 条消息
  📤 发送 1 条消息
  📤 发送 1 条消息
  📤 发送 1 条消息
  📤 发送 1 条消息
  📤 发送 1 条消息
  📤 发送 1 条消息
  📤 发送 1 条消息
  📤 发送 2 条消息

⏰ 30分钟无新消息，消息服务正常退出

⏳ 进入消息清理阶段...
📤 最后消息清理中...
  ✅ 消息文件已清空
👋 消息轮询服务退出（共发送 18 条消息）

🧹 清理PID文件...
📝 PID文件已创建: /Users/jinlu/.openclaw/workspace/skills/cs-analyzer/logs/cs_analyzer_message_poller.pid (58471)
🚀 消息轮询服务启动 v2.3【消息级去重】
   监控 PID: 58470（仅用于记录，不影响服务生命周期）
   轮询间隔: 3秒
   去重窗口: 300秒
   必达关键词: ['完成', '100%', '质检报告', '分析完成']
   最大重试: 3次
  📤 发送 1 条消息
  📤 发送 1 条消息
  📤 发送 1 条消息
  📤 发送 1 条消息
  📤 发送 1 条消息
  📤 发送 1 条消息
  📤 发送 1 条消息
  📤 发送 1 条消息
  📤 发送 1 条消息
  🔄 跳过重复消息: ✅ CS-Analyzer 分析完成！

┌────────...
  📤 发送 1 条消息

⏰ 5分钟无新消息，消息服务正常退出

⏳ 进入消息清理阶段...
📤 最后消息清理中...
  ✅ 消息文件已清空
👋 消息轮询服务退出（共发送 10 条消息）

🧹 清理PID文件...
📝 PID文件已创建: /Users/jinlu/.openclaw/workspace/skills/cs-analyzer/logs/cs_analyzer_message_poller.pid (60977)
🚀 消息轮询服务启动 v2.3【消息级去重】
   监控 PID: 60976（仅用于记录，不影响服务生命周期）
   轮询间隔: 3秒
   去重窗口: 300秒
   必达关键词: ['完成', '100%', '质检报告', '分析完成']
   最大重试: 3次
  📤 发送 1 条消息
  📤 发送 1 条消息
  📤 发送 1 条消息
  📤 发送 1 条消息
  📤 发送 1 条消息
  📤 发送 1 条消息
  📤 发送 1 条消息
  📤 发送 1 条消息
  📤 发送 1 条消息
  📤 发送 1 条消息

⏰ 5分钟无新消息，消息服务正常退出

⏳ 进入消息清理阶段...
📤 最后消息清理中...
  ✅ 消息文件已清空
👋 消息轮询服务退出（共发送 10 条消息）

🧹 清理PID文件...
📝 PID文件已创建: /Users/jinlu/.openclaw/workspace/skills/cs-analyzer/logs/cs_analyzer_message_poller.pid (61584)
🚀 消息轮询服务启动 v2.3【消息级去重】
   监控 PID: 60976（仅用于记录，不影响服务生命周期）
   轮询间隔: 3秒
   去重窗口: 300秒
   必达关键词: ['完成', '100%', '质检报告', '分析完成']
   最大重试: 3次
  📤 发送 1 条消息

⏰ 5分钟无新消息，消息服务正常退出

⏳ 进入消息清理阶段...
📤 最后消息清理中...
  ✅ 消息文件已清空
👋 消息轮询服务退出（共发送 1 条消息）

🧹 清理PID文件...
📝 PID文件已创建: /Users/jinlu/.openclaw/workspace/skills/cs-analyzer/logs/cs_analyzer_message_poller.pid (62659)
🚀 消息轮询服务启动 v2.3【消息级去重】
   监控 PID: 62658（仅用于记录，不影响服务生命周期）
   轮询间隔: 3秒
   去重窗口: 300秒
   必达关键词: ['完成', '100%', '质检报告', '分析完成']
   最大重试: 3次
  📤 发送 1 条消息
  📤 发送 1 条消息
  📤 发送 1 条消息
  📤 发送 1 条消息
  📤 发送 1 条消息
  📤 发送 1 条消息
  📤 发送 1 条消息
  📤 发送 1 条消息
  📤 发送 1 条消息
  📤 发送 1 条消息

⏰ 5分钟无新消息，消息服务正常退出

⏳ 进入消息清理阶段...
📤 最后消息清理中...
  ✅ 消息文件已清空
👋 消息轮询服务退出（共发送 10 条消息）

🧹 清理PID文件...
📝 PID文件已创建: /Users/jinlu/.openclaw/workspace/skills/cs-analyzer/logs/cs_analyzer_message_poller.pid (63901)
🚀 消息轮询服务启动 v2.3【消息级去重】
   监控 PID: 62658（仅用于记录，不影响服务生命周期）
   轮询间隔: 3秒
   去重窗口: 300秒
   必达关键词: ['完成', '100%', '质检报告', '分析完成']
   最大重试: 3次

⏰ 5分钟无新消息，消息服务正常退出

⏳ 进入消息清理阶段...
📤 最后消息清理中...
  ✅ 消息文件已清空
👋 消息轮询服务退出（共发送 0 条消息）

🧹 清理PID文件...
📝 PID文件已创建: /Users/jinlu/.openclaw/workspace/skills/cs-analyzer/logs/cs_analyzer_message_poller.pid (64135)
🚀 消息轮询服务启动 v2.3【消息级去重】
   监控 PID: 62658（仅用于记录，不影响服务生命周期）
   轮询间隔: 3秒
   去重窗口: 300秒
   必达关键词: ['完成', '100%', '质检报告', '分析完成']
   最大重试: 3次

⏰ 5分钟无新消息，消息服务正常退出

⏳ 进入消息清理阶段...
📤 最后消息清理中...
  ✅ 消息文件已清空
👋 消息轮询服务退出（共发送 0 条消息）

🧹 清理PID文件...
📝 PID文件已创建: /Users/jinlu/.openclaw/workspace/skills/cs-analyzer/logs/cs_analyzer_message_poller.pid (64325)
🚀 消息轮询服务启动 v2.3【消息级去重】
   监控 PID: 62658（仅用于记录，不影响服务生命周期）
   轮询间隔: 3秒
   去重窗口: 300秒
   必达关键词: ['完成', '100%', '质检报告', '分析完成']
   最大重试: 3次

⏰ 5分钟无新消息，消息服务正常退出

⏳ 进入消息清理阶段...
📤 最后消息清理中...
  ✅ 消息文件已清空
👋 消息轮询服务退出（共发送 0 条消息）

🧹 清理PID文件...
📝 PID文件已创建: /Users/jinlu/.openclaw/workspace/skills/cs-analyzer/logs/cs_analyzer_message_poller.pid (64535)
🚀 消息轮询服务启动 v2.3【消息级去重】
   监控 PID: 62658（仅用于记录，不影响服务生命周期）
   轮询间隔: 3秒
   去重窗口: 300秒
   必达关键词: ['完成', '100%', '质检报告', '分析完成']
   最大重试: 3次
  📤 发送 1 条消息

⏰ 5分钟无新消息，消息服务正常退出

⏳ 进入消息清理阶段...
📤 最后消息清理中...
  ✅ 消息文件已清空
👋 消息轮询服务退出（共发送 1 条消息）

🧹 清理PID文件...
📝 PID文件已创建: /Users/jinlu/.openclaw/workspace/skills/cs-analyzer/logs/cs_analyzer_message_poller.pid (66345)
🚀 消息轮询服务启动 v2.3【消息级去重】
   监控 PID: 66344（仅用于记录，不影响服务生命周期）
   轮询间隔: 3秒
   去重窗口: 300秒
   必达关键词: ['完成', '100%', '质检报告', '分析完成']
   最大重试: 3次
  📤 发送 1 条消息
  📤 发送 1 条消息
  📤 发送 1 条消息
  📤 发送 1 条消息
  📤 发送 1 条消息
  📤 发送 1 条消息
  📤 发送 1 条消息
  📤 发送 2 条消息

⏰ 5分钟无新消息，消息服务正常退出

⏳ 进入消息清理阶段...
📤 最后消息清理中...
  ✅ 消息文件已清空
👋 消息轮询服务退出（共发送 9 条消息）

🧹 清理PID文件...
