🚀 监控子代理启动
   任务数: 359
   批次ID: 9f88b925
   自我保护超时: 240分钟
   进度推送间隔: 10%
  推送进度: 0%
  推送进度: 10%
  推送进度: 20%
  推送进度: 30%
  推送进度: 40%
  推送进度: 50%
  推送进度: 60%
  推送进度: 70%
  推送进度: 80%
  推送进度: 90%
  推送进度: 100%

✅ 所有任务完成
  推送完成报告
👋 监控子代理退出
🚀 监控子代理启动
   任务数: 359
   批次ID: d306deab
   自我保护超时: 240分钟
   进度推送间隔: 10%
  推送进度: 0%
  推送进度: 10%
  推送进度: 20%
  推送进度: 30%
  推送进度: 40%
  推送进度: 50%
  推送进度: 60%
  推送进度: 70%
  推送进度: 80%
  推送进度: 90%
  推送进度: 100%

✅ 所有任务完成
  推送完成报告
👋 监控子代理退出
🚀 监控子代理启动
   任务数: 359
   批次ID: 38ed71ca
   自我保护超时: 240分钟
   进度推送间隔: 10%
  推送进度: 0%
  推送进度: 10%
  推送进度: 20%
  推送进度: 30%
  推送进度: 40%
  推送进度: 50%
  推送进度: 60%
  推送进度: 70%
  推送进度: 80%
  推送进度: 90%
  推送进度: 100%

✅ 所有任务完成
  推送完成报告
👋 监控子代理退出
🚀 监控子代理启动
   任务数: 359
   批次ID: d9ff5836
   自我保护超时: 240分钟
   进度推送间隔: 10%
  推送进度: 0%
  推送进度: 10%
  推送进度: 20%
  推送进度: 30%
  推送进度: 40%

✅ 所有任务完成
  推送完成报告
👋 监控子代理退出
🚀 监控子代理启动
   任务数: 359
   批次ID: 9560f4d1
   自我保护超时: 240分钟
   进度推送间隔: 10%
  推送进度: 0%
  推送进度: 10%
  推送进度: 20%
  推送进度: 30%
  推送进度: 40%
  推送进度: 50%
  推送进度: 60%
  推送进度: 70%
  推送进度: 80%
  推送进度: 90%
  推送进度: 100%

✅ 所有任务完成
  推送完成报告
👋 监控子代理退出
🚀 监控子代理启动
   任务数: 359
   批次ID: 843735f5
   自我保护超时: 240分钟
   进度推送间隔: 10%
  推送进度: 0%
  推送进度: 10%
  推送进度: 20%
  推送进度: 30%
  推送进度: 40%
  推送进度: 50%
  推送进度: 60%
  推送进度: 70%
  推送进度: 80%
  推送进度: 90%
  推送进度: 100%

✅ 所有任务完成
  推送完成报告
👋 监控子代理退出
🚀 监控子代理启动
   任务数: 359
   批次ID: 8b145bc2
   自我保护超时: 240分钟
   进度推送间隔: 10%
  推送进度: 0%
  推送进度: 10%
  推送进度: 20%

✅ 所有任务完成
  推送完成报告
👋 监控子代理退出
🚀 监控子代理启动
   任务数: 359
   批次ID: 05874a39
   自我保护超时: 240分钟
   进度推送间隔: 10%
  推送进度: 0%

⚠️ 收到信号 15，准备退出...
👋 监控子代理退出
🚀 监控子代理启动
   任务数: 359
   批次ID: d9b3c123
   自我保护超时: 240分钟
   进度推送间隔: 10%
  推送进度: 0%
  推送进度: 10%
  推送进度: 20%
  推送进度: 30%
  推送进度: 40%
  推送进度: 50%
  推送进度: 60%
  推送进度: 70%
  推送进度: 80%
  推送进度: 90%
  推送进度: 100%

✅ 所有任务完成
  推送完成报告
👋 监控子代理退出
🚀 监控子代理启动
   任务数: 43
   批次ID: ea51acaa
   自我保护超时: 240分钟
   进度推送间隔: 10%
  推送进度: 0%
  推送进度: 10%
  推送进度: 50%
  推送进度: 60%
  推送进度: 80%
  推送进度: 90%
  推送进度: 100%

✅ 所有任务完成
  推送完成报告
👋 监控子代理退出
🚀 监控子代理启动
   任务数: 43
   批次ID: 0d2dd518
   自我保护超时: 240分钟
   进度推送间隔: 10%
  推送进度: 0%
  推送进度: 20%
  推送进度: 50%
  推送进度: 60%
  推送进度: 80%
  推送进度: 90%
  推送进度: 100%

✅ 所有任务完成
  推送完成报告
👋 监控子代理退出
🚀 监控子代理启动
   任务数: 43
   批次ID: bf87026f
   自我保护超时: 240分钟
   进度推送间隔: 10%
  推送进度: 0%
  推送进度: 40%
  推送进度: 50%
  推送进度: 60%
  推送进度: 80%
  推送进度: 100%

✅ 所有任务完成
  推送完成报告
👋 监控子代理退出
🚀 监控子代理启动
   任务数: 17
   批次ID: d09b8d93
   自我保护超时: 240分钟
   进度推送间隔: 10%
  推送进度: 0%
  推送进度: 10%
  推送进度: 60%
  推送进度: 70%
  推送进度: 80%
  推送进度: 100%

✅ 所有任务完成
  推送完成报告
👋 监控子代理退出
🚀 监控子代理启动
   任务数: 43
   批次ID: e51f0613
   自我保护超时: 240分钟
   进度推送间隔: 10%
  推送进度: 0%
  推送进度: 10%
  推送进度: 30%
  推送进度: 40%
  推送进度: 50%
  推送进度: 80%
  推送进度: 90%
  推送进度: 100%

✅ 所有任务完成
  推送完成报告
👋 监控子代理退出
🚀 监控子代理启动
   任务数: 88
   批次ID: 335d9e49
   自我保护超时: 240分钟
   进度推送间隔: 10%
  推送进度: 0%
  推送进度: 10%
  推送进度: 20%
  推送进度: 50%
  推送进度: 60%
  推送进度: 70%
  推送进度: 80%
  推送进度: 90%
  推送进度: 100%

✅ 所有任务完成
  推送完成报告
👋 监控子代理退出
🚀 监控子代理启动
   任务数: 185
   批次ID: 58647c5f
   自我保护超时: 240分钟
   进度推送间隔: 10%
  推送进度: 0%
  推送进度: 10%
  推送进度: 20%
  推送进度: 30%
  推送进度: 40%
  推送进度: 50%
  推送进度: 60%
  推送进度: 70%
  推送进度: 90%
  推送进度: 100%

✅ 所有任务完成
  推送完成报告
👋 监控子代理退出
🚀 监控子代理启动
   任务数: 357
   批次ID: fe3a1606
   自我保护超时: 240分钟
   进度推送间隔: 10%
  推送进度: 0%
  推送进度: 10%
  推送进度: 20%
  推送进度: 30%
  推送进度: 40%
  推送进度: 50%
  推送进度: 60%
  推送进度: 70%
  推送进度: 80%
  推送进度: 90%
  推送进度: 100%

✅ 所有任务完成
  推送完成报告
👋 监控子代理退出
🚀 监控子代理启动
   任务数: 88
   批次ID: 7f1d7d22
   自我保护超时: 240分钟
   进度推送间隔: 10%
  推送进度: 0%
  推送进度: 10%
  推送进度: 40%
  推送进度: 60%
  推送进度: 70%
  推送进度: 80%
  推送进度: 90%
  推送进度: 100%

✅ 所有任务完成
  推送完成报告
👋 监控子代理退出
🚀 监控子代理启动
   任务数: 186
   批次ID: d79f48c5
   自我保护超时: 240分钟
   进度推送间隔: 10%
  推送进度: 0%
  推送进度: 10%
  推送进度: 20%
  推送进度: 30%
  推送进度: 40%
  推送进度: 50%
  推送进度: 60%
  推送进度: 70%
  推送进度: 80%
  推送进度: 90%
  推送进度: 100%

✅ 所有任务完成
  推送完成报告
👋 监控子代理退出
🚀 监控子代理启动
   任务数: 359
   批次ID: 90669231
   自我保护超时: 240分钟
   进度推送间隔: 10%
  推送进度: 0%
  推送进度: 10%
  推送进度: 20%
  推送进度: 30%
  推送进度: 40%
  推送进度: 50%
  推送进度: 60%
  推送进度: 70%
  推送进度: 80%
  推送进度: 90%
  推送进度: 100%

✅ 所有任务完成
  推送完成报告
👋 监控子代理退出
🚀 监控子代理启动
   任务数: 4
   批次ID: e9212ad3
   自我保护超时: 240分钟
   进度推送间隔: 10%
  推送进度: 0%
  推送进度: 70%
  推送进度: 100%

✅ 所有任务完成
  推送完成报告
👋 监控子代理退出
🚀 监控子代理启动
   任务数: 4
   批次ID: 67076973
   自我保护超时: 240分钟
   进度推送间隔: 10%
  推送进度: 0%
  推送进度: 70%
  推送进度: 100%

✅ 所有任务完成
  推送完成报告
👋 监控子代理退出
🚀 监控子代理启动
   任务数: 17
   批次ID: 7580c879
   自我保护超时: 240分钟
   进度推送间隔: 10%
  推送进度: 0%
  推送进度: 10%
  推送进度: 80%
  推送进度: 90%
  推送进度: 100%

✅ 所有任务完成
  推送完成报告
👋 监控子代理退出
🚀 监控子代理启动
   任务数: 17
   批次ID: a7edb540
   自我保护超时: 240分钟
   进度推送间隔: 10%
  推送进度: 0%
  推送进度: 10%
  推送进度: 80%
  推送进度: 100%

✅ 所有任务完成
  推送完成报告
👋 监控子代理退出
🚀 监控子代理启动
   任务数: 17
   批次ID: 1e6453a7
   自我保护超时: 240分钟
   进度推送间隔: 10%
  推送进度: 0%
  推送进度: 10%
  推送进度: 40%
  推送进度: 80%
  推送进度: 100%

✅ 所有任务完成
  推送完成报告
👋 监控子代理退出
🚀 监控子代理启动
   任务数: 17
   批次ID: def257dc
   自我保护超时: 240分钟
   进度推送间隔: 10%
  推送进度: 0%
  推送进度: 10%
  推送进度: 80%
  推送进度: 100%

✅ 所有任务完成
  推送完成报告
👋 监控子代理退出
